<?xml version="1.0" encoding="UTF-8" ?>
<!DOCTYPE configuration PUBLIC "-//mybatis.org//DTD Config 3.0//EN" "http://mybatis.org/dtd/mybatis-3-config.dtd">
<configuration>
	<!--
	<settings>
		<setting name="defaultStatementTimeout" value="25000"/>
	</settings>
	-->
	<environments default="development">
		<environment id="development">
			<transactionManager type="JDBC" />
			<dataSource type="POOLED">
				<property name="driver" value="com.mysql.jdbc.Driver" />
				<property name="url"
					value="jdbc:mysql://192.168.253.220:3306/hsd_trade?useUnicode=true&amp;characterEncoding=UTF-8" />
				<property name="username" value="myuser" />
				<property name="password" value="mypassword" />
			</dataSource>
		</environment>
	</environments>
	<mappers>
		<mapper resource="com/yuan/mybatis/mbg/model/mapper/GroupMapper.xml" />
		<mapper resource="com/yuan/mybatis/mbg/model/mapper/AdminMapper.xml" />
	</mappers>
</configuration>
